\BOOKMARK [1][-]{section.1}{\376\377\000S\000N\000C\000\040\000-\000\040\000b\000u\000i\000l\000d\000i\000n\000g\000s}{}% 1
\BOOKMARK [2][-]{subsection.1.1}{\376\377\000E\000l\000i\000g\000i\000b\000l\000e\000\040\000b\000u\000i\000l\000d\000i\000n\000g\000s}{section.1}% 2
\BOOKMARK [2][-]{subsection.1.2}{\376\377\000R\000e\000s\000u\000l\000t\000s}{section.1}% 3
\BOOKMARK [1][-]{section.2}{\376\377\000S\000E}{}% 4
\BOOKMARK [2][-]{subsection.2.1}{\376\377\000E\000x\000c\000l\000u\000s\000i\000o\000n\000s}{section.2}% 5
\BOOKMARK [2][-]{subsection.2.2}{\376\377\000R\000e\000s\000u\000l\000t\000s}{section.2}% 6
\BOOKMARK [2][-]{subsection.2.3}{\376\377\000L\000i\000m\000i\000t\000a\000t\000i\000o\000n\000s}{section.2}% 7
\BOOKMARK [1][-]{section.3}{\376\377\000R\000o\000a\000d\000\040\000n\000e\000t\000w\000o\000r\000k}{}% 8
\BOOKMARK [2][-]{subsection.3.1}{\376\377\000S\000e\000t\000u\000p}{section.3}% 9
\BOOKMARK [2][-]{subsection.3.2}{\376\377\000R\000e\000s\000u\000l\000t\000s\000\040\000-\000\040\000b\000u\000i\000l\000d\000i\000n\000g\000s}{section.3}% 10
\BOOKMARK [2][-]{subsection.3.3}{\376\377\000R\000e\000s\000u\000l\000t\000s\000\040\000-\000\040\000h\000o\000u\000s\000e\000h\000o\000l\000d\000s}{section.3}% 11
\BOOKMARK [2][-]{subsection.3.4}{\376\377\000R\000e\000s\000u\000l\000t\000s\000\040\000-\000\040\000h\000o\000u\000s\000e\000h\000o\000l\000d\000s\000,\000\040\000r\000e\000n\000t}{section.3}% 12
\BOOKMARK [1][-]{section.4}{\376\377\000S\000w\000i\000s\000s\000\040\000H\000o\000u\000s\000e\000h\000o\000l\000d\000\040\000P\000a\000n\000e\000l}{}% 13
\BOOKMARK [2][-]{subsection.4.1}{\376\377\000S\000e\000t\000u\000p}{section.4}% 14
\BOOKMARK [2][-]{subsection.4.2}{\376\377\000V\000a\000r\000i\000a\000b\000l\000e\000s}{section.4}% 15
\BOOKMARK [2][-]{subsection.4.3}{\376\377\000S\000u\000r\000v\000e\000y\000s\000\040\000\046\000\040\000g\000e\000o\000c\000o\000d\000i\000n\000g\000\040\000s\000t\000a\000t\000u\000s}{section.4}% 16
\BOOKMARK [1][-]{section.5}{\376\377\000S\000N\000C\000\040\000-\000\040\000m\000o\000r\000t\000a\000l\000i\000t\000y}{}% 17
\BOOKMARK [2][-]{subsection.5.1}{\376\377\000S\000e\000t\000u\000p}{section.5}% 18
\BOOKMARK [2][-]{subsection.5.2}{\376\377\000I\000n\000d\000i\000v\000i\000d\000u\000a\000l\000s\000\040\000\046\000\040\000d\000e\000a\000t\000h\000s\000\040\000i\000n\000c\000l\000u\000d\000e\000d}{section.5}% 19
\BOOKMARK [2][-]{subsection.5.3}{\376\377\000C\000a\000u\000s\000e\000s\000\040\000o\000f\000\040\000d\000e\000a\000t\000h\000s}{section.5}% 20
\BOOKMARK [2][-]{subsection.5.4}{\376\377\000V\000a\000r\000i\000a\000b\000l\000e\000s}{section.5}% 21
\BOOKMARK [2][-]{subsection.5.5}{\376\377\000L\000a\000s\000t\000\040\000c\000e\000n\000s\000u\000s\000\040\000s\000e\000e\000n}{section.5}% 22
\BOOKMARK [1][-]{section.6}{\376\377\000A\000p\000p\000e\000n\000d\000i\000x}{}% 23
\BOOKMARK [2][-]{subsection.6.1}{\376\377\000N\000o\000n\000-\000r\000e\000s\000i\000d\000e\000n\000t\000i\000a\000l\000\040\000b\000u\000i\000l\000d\000i\000n\000g\000s}{section.6}% 24
